<?xml version="1.0" encoding="UTF-8"?>
<testng-results ignored="0" total="1" passed="1" failed="0" skipped="0">
  <reporter-output>
  </reporter-output>
  <suite started-at="2022-01-16T12:47:39 IST" name="Default suite" finished-at="2022-01-16T12:47:42 IST" duration-ms="3391">
    <groups>
    </groups>
    <test started-at="2022-01-16T12:47:39 IST" name="Default test" finished-at="2022-01-16T12:47:42 IST" duration-ms="3391">
      <class name="tests.XMLSchemaValidation">
        <test-method signature="schemaValidation()[pri:0, instance:tests.XMLSchemaValidation@2f112965]" started-at="2022-01-16T12:47:39 IST" name="schemaValidation" finished-at="2022-01-16T12:47:42 IST" duration-ms="3332" status="PASS">
          <reporter-output>
          </reporter-output>
        </test-method> <!-- schemaValidation -->
      </class> <!-- tests.XMLSchemaValidation -->
    </test> <!-- Default test -->
  </suite> <!-- Default suite -->
</testng-results>
